<?xml version="1.0" encoding="UTF-8"?>
<testsuite xmlns:xsi="http://www.w3.org/2001/XMLSchema-instance" xsi:noNamespaceSchemaLocation="https://maven.apache.org/surefire/maven-surefire-plugin/xsd/surefire-test-report-3.0.xsd" version="3.0" name="result.Tests" time="0.122" tests="15" errors="0" skipped="0" failures="0">
  <properties>
[...]
</properties>
  <testcase name="getterAndChecksTests" classname="result.Tests" time="0.03"/>
  <testcase name="filterTest" classname="result.Tests" time="0.003"/>
  <testcase name="example" classname="result.Tests" time="0.001"/>
  <testcase name="orTest" classname="result.Tests" time="0.006"/>
  <testcase name="mappingErrorsTests" classname="result.Tests" time="0.006"/>
  <testcase name="orElseThrowTests" classname="result.Tests" time="0.006"/>
  <testcase name="coverageTests" classname="result.Tests" time="0.004"/>
  <testcase name="mapsTest" classname="result.Tests" time="0.017"/>
  <testcase name="orElseTest" classname="result.Tests" time="0.002"/>
  <testcase name="matchTest" classname="result.Tests" time="0.002"/>
  <testcase name="factoryTestAndEqualityCheck" classname="result.Tests" time="0.011"/>
  <testcase name="optionTest" classname="result.Tests" time="0.002"/>
  <testcase name="fromFunctionTest" classname="result.Tests" time="0.004"/>
  <testcase name="ifTests" classname="result.Tests" time="0.004"/>
  <testcase name="matchTest2" classname="result.Tests" time="0.005"/>
</testsuite>